<?xml version="1.0" encoding="UTF-8"?>
<testng-results skipped="0" failed="0" ignored="0" total="1" passed="1">
  <reporter-output>
  </reporter-output>
  <suite name="Default suite" duration-ms="106441" started-at="2021-01-22T20:01:20 IST" finished-at="2021-01-22T20:03:06 IST">
    <groups>
    </groups>
    <test name="Default test" duration-ms="106441" started-at="2021-01-22T20:01:20 IST" finished-at="2021-01-22T20:03:06 IST">
      <class name="Testsag.KeyEvents">
        <test-method status="PASS" signature="Key()[pri:0, instance:Testsag.KeyEvents@1e5f4170]" name="Key" duration-ms="104436" started-at="2021-01-22T20:01:20 IST" finished-at="2021-01-22T20:03:04 IST">
          <reporter-output>
          </reporter-output>
        </test-method> <!-- Key -->
      </class> <!-- Testsag.KeyEvents -->
    </test> <!-- Default test -->
  </suite> <!-- Default suite -->
</testng-results>
